[0.540s] [34mcolcon[0m [1;30mDEBUG[0m [32mCommand line arguments: ['/usr/bin/colcon', 'build'][0m
[0.540s] [34mcolcon[0m [1;30mDEBUG[0m [32mParsed command line arguments: Namespace(allow_overriding=[], ament_cmake_args=None, base_paths=['.'], build_base='build', catkin_cmake_args=None, catkin_skip_building_tests=False, cmake_args=None, cmake_clean_cache=False, cmake_clean_first=False, cmake_force_configure=False, cmake_target=None, cmake_target_skip_unavailable=False, continue_on_error=False, event_handlers=None, executor='parallel', ignore_user_meta=False, install_base='install', log_base=None, log_level=None, main=<bound method BuildVerb.main of <colcon_core.verb.build.BuildVerb object at 0x7f24658b4e20>>, merge_install=False, metas=['./colcon.meta'], packages_above=None, packages_above_and_dependencies=None, packages_above_depth=None, packages_end=None, packages_ignore=None, packages_ignore_regex=None, packages_select=None, packages_select_build_failed=False, packages_select_by_dep=None, packages_select_regex=None, packages_select_test_failures=False, packages_skip=None, packages_skip_build_finished=False, packages_skip_by_dep=None, packages_skip_regex=None, packages_skip_test_passed=False, packages_skip_up_to=None, packages_start=None, packages_up_to=None, packages_up_to_regex=None, parallel_workers=12, paths=None, symlink_install=False, test_result_base=None, verb_extension=<colcon_core.verb.build.BuildVerb object at 0x7f24658b4e20>, verb_name='build', verb_parser=<colcon_defaults.argument_parser.defaults.DefaultArgumentsDecorator object at 0x7f24657e9910>)[0m
[0.987s] [34mcolcon.colcon_core.package_discovery[0m [1;30mLevel 1[0m discover_packages(colcon_meta) check parameters
[0.987s] [34mcolcon.colcon_core.package_discovery[0m [1;30mLevel 1[0m discover_packages(recursive) check parameters
[0.987s] [34mcolcon.colcon_core.package_discovery[0m [1;30mLevel 1[0m discover_packages(ignore) check parameters
[0.988s] [34mcolcon.colcon_core.package_discovery[0m [1;30mLevel 1[0m discover_packages(path) check parameters
[0.988s] [34mcolcon.colcon_core.package_discovery[0m [1;30mLevel 1[0m discover_packages(colcon_meta) discover
[0.988s] [34mcolcon.colcon_core.package_discovery[0m [1;30mLevel 1[0m discover_packages(recursive) discover
[0.988s] [34mcolcon.colcon_core.package_discovery[0m [1;30mINFO[0m Crawling recursively for packages in '/home/san/obstacle_counter_ws'
[0.988s] [34mcolcon.colcon_core.package_identification[0m [1;30mLevel 1[0m _identify(.) by extensions ['ignore', 'ignore_ament_install']
[0.988s] [34mcolcon.colcon_core.package_identification[0m [1;30mLevel 1[0m _identify(.) by extension 'ignore'
[0.988s] [34mcolcon.colcon_core.package_identification[0m [1;30mLevel 1[0m _identify(.) by extension 'ignore_ament_install'
[0.988s] [34mcolcon.colcon_core.package_identification[0m [1;30mLevel 1[0m _identify(.) by extensions ['colcon_pkg']
[0.988s] [34mcolcon.colcon_core.package_identification[0m [1;30mLevel 1[0m _identify(.) by extension 'colcon_pkg'
[0.988s] [34mcolcon.colcon_core.package_identification[0m [1;30mLevel 1[0m _identify(.) by extensions ['colcon_meta']
[0.988s] [34mcolcon.colcon_core.package_identification[0m [1;30mLevel 1[0m _identify(.) by extension 'colcon_meta'
[0.988s] [34mcolcon.colcon_core.package_identification[0m [1;30mLevel 1[0m _identify(.) by extensions ['ros']
[0.989s] [34mcolcon.colcon_core.package_identification[0m [1;30mLevel 1[0m _identify(.) by extension 'ros'
[1.006s] [34mcolcon.colcon_core.package_identification[0m [1;30mLevel 1[0m _identify(.) by extensions ['cmake', 'python']
[1.006s] [34mcolcon.colcon_core.package_identification[0m [1;30mLevel 1[0m _identify(.) by extension 'cmake'
[1.006s] [34mcolcon.colcon_core.package_identification[0m [1;30mLevel 1[0m _identify(.) by extension 'python'
[1.006s] [34mcolcon.colcon_core.package_identification[0m [1;30mLevel 1[0m _identify(.) by extensions ['python_setup_py']
[1.006s] [34mcolcon.colcon_core.package_identification[0m [1;30mLevel 1[0m _identify(.) by extension 'python_setup_py'
[1.006s] [34mcolcon.colcon_core.package_identification[0m [1;30mLevel 1[0m _identify(build) by extensions ['ignore', 'ignore_ament_install']
[1.006s] [34mcolcon.colcon_core.package_identification[0m [1;30mLevel 1[0m _identify(build) by extension 'ignore'
[1.006s] [34mcolcon.colcon_core.package_identification[0m [1;30mLevel 1[0m _identify(build) ignored
[1.007s] [34mcolcon.colcon_core.package_identification[0m [1;30mLevel 1[0m _identify(install) by extensions ['ignore', 'ignore_ament_install']
[1.007s] [34mcolcon.colcon_core.package_identification[0m [1;30mLevel 1[0m _identify(install) by extension 'ignore'
[1.007s] [34mcolcon.colcon_core.package_identification[0m [1;30mLevel 1[0m _identify(install) ignored
[1.007s] [34mcolcon.colcon_core.package_identification[0m [1;30mLevel 1[0m _identify(log) by extensions ['ignore', 'ignore_ament_install']
[1.007s] [34mcolcon.colcon_core.package_identification[0m [1;30mLevel 1[0m _identify(log) by extension 'ignore'
[1.007s] [34mcolcon.colcon_core.package_identification[0m [1;30mLevel 1[0m _identify(log) ignored
[1.007s] [34mcolcon.colcon_core.package_identification[0m [1;30mLevel 1[0m _identify(src) by extensions ['ignore', 'ignore_ament_install']
[1.007s] [34mcolcon.colcon_core.package_identification[0m [1;30mLevel 1[0m _identify(src) by extension 'ignore'
[1.007s] [34mcolcon.colcon_core.package_identification[0m [1;30mLevel 1[0m _identify(src) by extension 'ignore_ament_install'
[1.008s] [34mcolcon.colcon_core.package_identification[0m [1;30mLevel 1[0m _identify(src) by extensions ['colcon_pkg']
[1.008s] [34mcolcon.colcon_core.package_identification[0m [1;30mLevel 1[0m _identify(src) by extension 'colcon_pkg'
[1.008s] [34mcolcon.colcon_core.package_identification[0m [1;30mLevel 1[0m _identify(src) by extensions ['colcon_meta']
[1.008s] [34mcolcon.colcon_core.package_identification[0m [1;30mLevel 1[0m _identify(src) by extension 'colcon_meta'
[1.008s] [34mcolcon.colcon_core.package_identification[0m [1;30mLevel 1[0m _identify(src) by extensions ['ros']
[1.008s] [34mcolcon.colcon_core.package_identification[0m [1;30mLevel 1[0m _identify(src) by extension 'ros'
[1.008s] [34mcolcon.colcon_core.package_identification[0m [1;30mLevel 1[0m _identify(src) by extensions ['cmake', 'python']
[1.008s] [34mcolcon.colcon_core.package_identification[0m [1;30mLevel 1[0m _identify(src) by extension 'cmake'
[1.008s] [34mcolcon.colcon_core.package_identification[0m [1;30mLevel 1[0m _identify(src) by extension 'python'
[1.008s] [34mcolcon.colcon_core.package_identification[0m [1;30mLevel 1[0m _identify(src) by extensions ['python_setup_py']
[1.008s] [34mcolcon.colcon_core.package_identification[0m [1;30mLevel 1[0m _identify(src) by extension 'python_setup_py'
[1.008s] [34mcolcon.colcon_core.package_identification[0m [1;30mLevel 1[0m _identify(src/obstacle_counter) by extensions ['ignore', 'ignore_ament_install']
[1.008s] [34mcolcon.colcon_core.package_identification[0m [1;30mLevel 1[0m _identify(src/obstacle_counter) by extension 'ignore'
[1.009s] [34mcolcon.colcon_core.package_identification[0m [1;30mLevel 1[0m _identify(src/obstacle_counter) by extension 'ignore_ament_install'
[1.009s] [34mcolcon.colcon_core.package_identification[0m [1;30mLevel 1[0m _identify(src/obstacle_counter) by extensions ['colcon_pkg']
[1.009s] [34mcolcon.colcon_core.package_identification[0m [1;30mLevel 1[0m _identify(src/obstacle_counter) by extension 'colcon_pkg'
[1.009s] [34mcolcon.colcon_core.package_identification[0m [1;30mLevel 1[0m _identify(src/obstacle_counter) by extensions ['colcon_meta']
[1.009s] [34mcolcon.colcon_core.package_identification[0m [1;30mLevel 1[0m _identify(src/obstacle_counter) by extension 'colcon_meta'
[1.009s] [34mcolcon.colcon_core.package_identification[0m [1;30mLevel 1[0m _identify(src/obstacle_counter) by extensions ['ros']
[1.009s] [34mcolcon.colcon_core.package_identification[0m [1;30mLevel 1[0m _identify(src/obstacle_counter) by extension 'ros'
[1.013s] [34mcolcon.colcon_core.package_identification[0m [1;30mDEBUG[0m [32mPackage 'src/obstacle_counter' with type 'ros.ament_python' and name 'obstacle_counter'[0m
[1.013s] [34mcolcon.colcon_core.package_discovery[0m [1;30mLevel 1[0m discover_packages(recursive) using defaults
[1.013s] [34mcolcon.colcon_core.package_discovery[0m [1;30mLevel 1[0m discover_packages(ignore) discover
[1.013s] [34mcolcon.colcon_core.package_discovery[0m [1;30mLevel 1[0m discover_packages(ignore) using defaults
[1.013s] [34mcolcon.colcon_core.package_discovery[0m [1;30mLevel 1[0m discover_packages(path) discover
[1.014s] [34mcolcon.colcon_core.package_discovery[0m [1;30mLevel 1[0m discover_packages(path) using defaults
[1.037s] [34mcolcon.colcon_core.package_discovery[0m [1;30mLevel 1[0m discover_packages(prefix_path) check parameters
[1.037s] [34mcolcon.colcon_core.package_discovery[0m [1;30mLevel 1[0m discover_packages(prefix_path) discover
[1.039s] [34mcolcon.colcon_installed_package_information.package_discovery[0m [1;30mDEBUG[0m [32mFound 1 installed packages in /home/san/obstacle_counter_ws/install[0m
[1.041s] [34mcolcon.colcon_installed_package_information.package_discovery[0m [1;30mDEBUG[0m [32mFound 310 installed packages in /opt/ros/galactic[0m
[1.044s] [34mcolcon.colcon_core.package_discovery[0m [1;30mLevel 1[0m discover_packages(prefix_path) using defaults
[1.183s] [34mcolcon.colcon_core.verb[0m [1;30mLevel 5[0m set package 'obstacle_counter' build argument 'cmake_args' from command line to 'None'
[1.183s] [34mcolcon.colcon_core.verb[0m [1;30mLevel 5[0m set package 'obstacle_counter' build argument 'cmake_target' from command line to 'None'
[1.184s] [34mcolcon.colcon_core.verb[0m [1;30mLevel 5[0m set package 'obstacle_counter' build argument 'cmake_target_skip_unavailable' from command line to 'False'
[1.184s] [34mcolcon.colcon_core.verb[0m [1;30mLevel 5[0m set package 'obstacle_counter' build argument 'cmake_clean_cache' from command line to 'False'
[1.184s] [34mcolcon.colcon_core.verb[0m [1;30mLevel 5[0m set package 'obstacle_counter' build argument 'cmake_clean_first' from command line to 'False'
[1.184s] [34mcolcon.colcon_core.verb[0m [1;30mLevel 5[0m set package 'obstacle_counter' build argument 'cmake_force_configure' from command line to 'False'
[1.184s] [34mcolcon.colcon_core.verb[0m [1;30mLevel 5[0m set package 'obstacle_counter' build argument 'ament_cmake_args' from command line to 'None'
[1.184s] [34mcolcon.colcon_core.verb[0m [1;30mLevel 5[0m set package 'obstacle_counter' build argument 'catkin_cmake_args' from command line to 'None'
[1.184s] [34mcolcon.colcon_core.verb[0m [1;30mLevel 5[0m set package 'obstacle_counter' build argument 'catkin_skip_building_tests' from command line to 'False'
[1.185s] [34mcolcon.colcon_core.verb[0m [1;30mDEBUG[0m [32mBuilding package 'obstacle_counter' with the following arguments: {'ament_cmake_args': None, 'build_base': '/home/san/obstacle_counter_ws/build/obstacle_counter', 'catkin_cmake_args': None, 'catkin_skip_building_tests': False, 'cmake_args': None, 'cmake_clean_cache': False, 'cmake_clean_first': False, 'cmake_force_configure': False, 'cmake_target': None, 'cmake_target_skip_unavailable': False, 'install_base': '/home/san/obstacle_counter_ws/install/obstacle_counter', 'merge_install': False, 'path': '/home/san/obstacle_counter_ws/src/obstacle_counter', 'symlink_install': False, 'test_result_base': None}[0m
[1.185s] [34mcolcon.colcon_core.executor[0m [1;30mINFO[0m Executing jobs using 'parallel' executor
[1.187s] [34mcolcon.colcon_parallel_executor.executor.parallel[0m [1;30mDEBUG[0m [32mrun_until_complete[0m
[1.188s] [34mcolcon.colcon_ros.task.ament_python.build[0m [1;30mINFO[0m Building ROS package in '/home/san/obstacle_counter_ws/src/obstacle_counter' with build type 'ament_python'
[1.188s] [34mcolcon.colcon_core.shell[0m [1;30mLevel 1[0m create_environment_hook('obstacle_counter', 'ament_prefix_path')
[1.193s] [34mcolcon.colcon_core.plugin_system[0m [1;30mINFO[0m Skipping extension 'colcon_core.shell.bat': Not used on non-Windows systems
[1.193s] [34mcolcon.colcon_core.shell[0m [1;30mINFO[0m Creating environment hook '/home/san/obstacle_counter_ws/install/obstacle_counter/share/obstacle_counter/hook/ament_prefix_path.ps1'
[1.194s] [34mcolcon.colcon_core.shell[0m [1;30mINFO[0m Creating environment descriptor '/home/san/obstacle_counter_ws/install/obstacle_counter/share/obstacle_counter/hook/ament_prefix_path.dsv'
[1.195s] [34mcolcon.colcon_core.shell[0m [1;30mINFO[0m Creating environment hook '/home/san/obstacle_counter_ws/install/obstacle_counter/share/obstacle_counter/hook/ament_prefix_path.sh'
[1.197s] [34mcolcon.colcon_core.shell[0m [1;30mINFO[0m Skip shell extension 'powershell' for command environment: Not usable outside of PowerShell
[1.197s] [34mcolcon.colcon_core.shell[0m [1;30mDEBUG[0m [32mSkip shell extension 'dsv' for command environment[0m
[1.201s] [34mcolcon.colcon_core.shell[0m [1;30mDEBUG[0m [32mIgnoring prefix path '/home/san/map_processing_gui_ws/devel'[0m
[1.202s] [34mcolcon.colcon_core.shell[0m [1;30mDEBUG[0m [32mIgnoring prefix path '/opt/ros/noetic'[0m
[1.635s] [34mcolcon.colcon_core.task.python.build[0m [1;30mINFO[0m Building Python package in '/home/san/obstacle_counter_ws/src/obstacle_counter'
[1.636s] [34mcolcon.colcon_core.shell[0m [1;30mINFO[0m Skip shell extension 'powershell' for command environment: Not usable outside of PowerShell
[1.636s] [34mcolcon.colcon_core.shell[0m [1;30mDEBUG[0m [32mSkip shell extension 'dsv' for command environment[0m
[1.640s] [34mcolcon.colcon_core.shell[0m [1;30mDEBUG[0m [32mIgnoring prefix path '/home/san/map_processing_gui_ws/devel'[0m
[1.641s] [34mcolcon.colcon_core.shell[0m [1;30mDEBUG[0m [32mIgnoring prefix path '/opt/ros/noetic'[0m
[2.309s] [34mcolcon.colcon_core.event_handler.log_command[0m [1;30mDEBUG[0m [32mInvoking command in '/home/san/obstacle_counter_ws/src/obstacle_counter': PYTHONPATH=/home/san/obstacle_counter_ws/build/obstacle_counter/prefix_override:/home/san/obstacle_counter_ws/install/obstacle_counter/lib/python3.8/site-packages:${PYTHONPATH} /usr/bin/python3 -W ignore:setup.py install is deprecated setup.py egg_info --egg-base ../../build/obstacle_counter build --build-base /home/san/obstacle_counter_ws/build/obstacle_counter/build install --record /home/san/obstacle_counter_ws/build/obstacle_counter/install.log --single-version-externally-managed install_data[0m
[2.947s] [34mcolcon.colcon_core.event_handler.log_command[0m [1;30mDEBUG[0m [32mInvoked command in '/home/san/obstacle_counter_ws/src/obstacle_counter' returned '0': PYTHONPATH=/home/san/obstacle_counter_ws/build/obstacle_counter/prefix_override:/home/san/obstacle_counter_ws/install/obstacle_counter/lib/python3.8/site-packages:${PYTHONPATH} /usr/bin/python3 -W ignore:setup.py install is deprecated setup.py egg_info --egg-base ../../build/obstacle_counter build --build-base /home/san/obstacle_counter_ws/build/obstacle_counter/build install --record /home/san/obstacle_counter_ws/build/obstacle_counter/install.log --single-version-externally-managed install_data[0m
[2.950s] [34mcolcon.colcon_core.environment[0m [1;30mLevel 1[0m checking '/home/san/obstacle_counter_ws/install/obstacle_counter' for CMake module files
[2.951s] [34mcolcon.colcon_core.environment[0m [1;30mLevel 1[0m checking '/home/san/obstacle_counter_ws/install/obstacle_counter' for CMake config files
[2.952s] [34mcolcon.colcon_core.environment[0m [1;30mLevel 1[0m checking '/home/san/obstacle_counter_ws/install/obstacle_counter/lib'
[2.952s] [34mcolcon.colcon_core.environment[0m [1;30mLevel 1[0m checking '/home/san/obstacle_counter_ws/install/obstacle_counter/bin'
[2.952s] [34mcolcon.colcon_core.environment[0m [1;30mLevel 1[0m checking '/home/san/obstacle_counter_ws/install/obstacle_counter/lib/pkgconfig/obstacle_counter.pc'
[2.953s] [34mcolcon.colcon_core.environment[0m [1;30mLevel 1[0m checking '/home/san/obstacle_counter_ws/install/obstacle_counter/lib/python3.8/site-packages'
[2.953s] [34mcolcon.colcon_core.shell[0m [1;30mLevel 1[0m create_environment_hook('obstacle_counter', 'pythonpath')
[2.953s] [34mcolcon.colcon_core.shell[0m [1;30mINFO[0m Creating environment hook '/home/san/obstacle_counter_ws/install/obstacle_counter/share/obstacle_counter/hook/pythonpath.ps1'
[2.954s] [34mcolcon.colcon_core.shell[0m [1;30mINFO[0m Creating environment descriptor '/home/san/obstacle_counter_ws/install/obstacle_counter/share/obstacle_counter/hook/pythonpath.dsv'
[2.954s] [34mcolcon.colcon_core.shell[0m [1;30mINFO[0m Creating environment hook '/home/san/obstacle_counter_ws/install/obstacle_counter/share/obstacle_counter/hook/pythonpath.sh'
[2.955s] [34mcolcon.colcon_core.environment[0m [1;30mLevel 1[0m checking '/home/san/obstacle_counter_ws/install/obstacle_counter/bin'
[2.955s] [34mcolcon.colcon_core.environment[0m [1;30mLevel 1[0m create_environment_scripts_only(obstacle_counter)
[2.956s] [34mcolcon.colcon_core.shell[0m [1;30mINFO[0m Creating package script '/home/san/obstacle_counter_ws/install/obstacle_counter/share/obstacle_counter/package.ps1'
[2.957s] [34mcolcon.colcon_core.shell[0m [1;30mINFO[0m Creating package descriptor '/home/san/obstacle_counter_ws/install/obstacle_counter/share/obstacle_counter/package.dsv'
[2.958s] [34mcolcon.colcon_core.shell[0m [1;30mINFO[0m Creating package script '/home/san/obstacle_counter_ws/install/obstacle_counter/share/obstacle_counter/package.sh'
[2.959s] [34mcolcon.colcon_core.shell[0m [1;30mINFO[0m Creating package script '/home/san/obstacle_counter_ws/install/obstacle_counter/share/obstacle_counter/package.bash'
[2.960s] [34mcolcon.colcon_core.shell[0m [1;30mINFO[0m Creating package script '/home/san/obstacle_counter_ws/install/obstacle_counter/share/obstacle_counter/package.zsh'
[2.961s] [34mcolcon.colcon_core.environment[0m [1;30mLevel 1[0m create_file_with_runtime_dependencies(/home/san/obstacle_counter_ws/install/obstacle_counter/share/colcon-core/packages/obstacle_counter)
[2.961s] [34mcolcon.colcon_parallel_executor.executor.parallel[0m [1;30mDEBUG[0m [32mclosing loop[0m
[2.962s] [34mcolcon.colcon_parallel_executor.executor.parallel[0m [1;30mDEBUG[0m [32mloop closed[0m
[2.962s] [34mcolcon.colcon_parallel_executor.executor.parallel[0m [1;30mDEBUG[0m [32mrun_until_complete finished with '0'[0m
[2.962s] [34mcolcon.colcon_core.event_reactor[0m [1;30mDEBUG[0m [32mjoining thread[0m
[2.969s] [34mcolcon.colcon_core.plugin_system[0m [1;30mINFO[0m Skipping extension 'colcon_notification.desktop_notification.terminal_notifier': Not used on non-Darwin systems
[2.969s] [34mcolcon.colcon_core.plugin_system[0m [1;30mINFO[0m Skipping extension 'colcon_notification.desktop_notification.win32': Not used on non-Windows systems
[2.969s] [34mcolcon.colcon_notification.desktop_notification[0m [1;30mINFO[0m Sending desktop notification using 'notify2'
[2.991s] [34mcolcon.colcon_core.event_reactor[0m [1;30mDEBUG[0m [32mjoined thread[0m
[2.992s] [34mcolcon.colcon_core.shell[0m [1;30mINFO[0m Creating prefix script '/home/san/obstacle_counter_ws/install/local_setup.ps1'
[2.993s] [34mcolcon.colcon_core.shell[0m [1;30mINFO[0m Creating prefix util module '/home/san/obstacle_counter_ws/install/_local_setup_util_ps1.py'
[2.994s] [34mcolcon.colcon_core.shell[0m [1;30mINFO[0m Creating prefix chain script '/home/san/obstacle_counter_ws/install/setup.ps1'
[2.996s] [34mcolcon.colcon_core.shell[0m [1;30mINFO[0m Creating prefix script '/home/san/obstacle_counter_ws/install/local_setup.sh'
[2.997s] [34mcolcon.colcon_core.shell[0m [1;30mINFO[0m Creating prefix util module '/home/san/obstacle_counter_ws/install/_local_setup_util_sh.py'
[2.997s] [34mcolcon.colcon_core.shell[0m [1;30mINFO[0m Creating prefix chain script '/home/san/obstacle_counter_ws/install/setup.sh'
[2.999s] [34mcolcon.colcon_core.shell[0m [1;30mINFO[0m Creating prefix script '/home/san/obstacle_counter_ws/install/local_setup.bash'
[2.999s] [34mcolcon.colcon_core.shell[0m [1;30mINFO[0m Creating prefix chain script '/home/san/obstacle_counter_ws/install/setup.bash'
[3.000s] [34mcolcon.colcon_core.shell[0m [1;30mINFO[0m Creating prefix script '/home/san/obstacle_counter_ws/install/local_setup.zsh'
[3.001s] [34mcolcon.colcon_core.shell[0m [1;30mINFO[0m Creating prefix chain script '/home/san/obstacle_counter_ws/install/setup.zsh'
