[0.938s] Invoking command in '/home/san/obstacle_counter_ws/src/obstacle_counter': PYTHONPATH=/home/san/obstacle_counter_ws/build/obstacle_counter/prefix_override:/home/san/obstacle_counter_ws/install/obstacle_counter/lib/python3.8/site-packages:${PYTHONPATH} /usr/bin/python3 -W ignore:setup.py install is deprecated setup.py egg_info --egg-base ../../build/obstacle_counter build --build-base /home/san/obstacle_counter_ws/build/obstacle_counter/build install --record /home/san/obstacle_counter_ws/build/obstacle_counter/install.log --single-version-externally-managed install_data
[1.284s] running egg_info
[1.284s] writing ../../build/obstacle_counter/obstacle_counter.egg-info/PKG-INFO
[1.285s] writing dependency_links to ../../build/obstacle_counter/obstacle_counter.egg-info/dependency_links.txt
[1.285s] writing entry points to ../../build/obstacle_counter/obstacle_counter.egg-info/entry_points.txt
[1.285s] writing requirements to ../../build/obstacle_counter/obstacle_counter.egg-info/requires.txt
[1.285s] writing top-level names to ../../build/obstacle_counter/obstacle_counter.egg-info/top_level.txt
[1.315s] reading manifest file '../../build/obstacle_counter/obstacle_counter.egg-info/SOURCES.txt'
[1.315s] writing manifest file '../../build/obstacle_counter/obstacle_counter.egg-info/SOURCES.txt'
[1.316s] running build
[1.316s] running build_py
[1.316s] copying obstacle_counter/obstacle_counter.py -> /home/san/obstacle_counter_ws/build/obstacle_counter/build/lib/obstacle_counter
[1.316s] running install
[1.316s] running install_lib
[1.317s] copying /home/san/obstacle_counter_ws/build/obstacle_counter/build/lib/obstacle_counter/obstacle_counter.py -> /home/san/obstacle_counter_ws/install/obstacle_counter/lib/python3.8/site-packages/obstacle_counter
[1.318s] byte-compiling /home/san/obstacle_counter_ws/install/obstacle_counter/lib/python3.8/site-packages/obstacle_counter/obstacle_counter.py to obstacle_counter.cpython-38.pyc
[1.319s] running install_data
[1.319s] running install_egg_info
[1.321s] removing '/home/san/obstacle_counter_ws/install/obstacle_counter/lib/python3.8/site-packages/obstacle_counter-0.0.0-py3.8.egg-info' (and everything under it)
[1.321s] Copying ../../build/obstacle_counter/obstacle_counter.egg-info to /home/san/obstacle_counter_ws/install/obstacle_counter/lib/python3.8/site-packages/obstacle_counter-0.0.0-py3.8.egg-info
[1.322s] running install_scripts
[1.337s] Installing obstacle_counter script to /home/san/obstacle_counter_ws/install/obstacle_counter/lib/obstacle_counter
[1.338s] writing list of installed files to '/home/san/obstacle_counter_ws/build/obstacle_counter/install.log'
[1.355s] Invoked command in '/home/san/obstacle_counter_ws/src/obstacle_counter' returned '0': PYTHONPATH=/home/san/obstacle_counter_ws/build/obstacle_counter/prefix_override:/home/san/obstacle_counter_ws/install/obstacle_counter/lib/python3.8/site-packages:${PYTHONPATH} /usr/bin/python3 -W ignore:setup.py install is deprecated setup.py egg_info --egg-base ../../build/obstacle_counter build --build-base /home/san/obstacle_counter_ws/build/obstacle_counter/build install --record /home/san/obstacle_counter_ws/build/obstacle_counter/install.log --single-version-externally-managed install_data
