running egg_info
creating ../../build/obstacle_counter/obstacle_counter.egg-info
writing ../../build/obstacle_counter/obstacle_counter.egg-info/PKG-INFO
writing dependency_links to ../../build/obstacle_counter/obstacle_counter.egg-info/dependency_links.txt
writing entry points to ../../build/obstacle_counter/obstacle_counter.egg-info/entry_points.txt
writing requirements to ../../build/obstacle_counter/obstacle_counter.egg-info/requires.txt
writing top-level names to ../../build/obstacle_counter/obstacle_counter.egg-info/top_level.txt
writing manifest file '../../build/obstacle_counter/obstacle_counter.egg-info/SOURCES.txt'
reading manifest file '../../build/obstacle_counter/obstacle_counter.egg-info/SOURCES.txt'
writing manifest file '../../build/obstacle_counter/obstacle_counter.egg-info/SOURCES.txt'
running build
running build_py
creating /home/san/obstacle_counter_ws/build/obstacle_counter/build
creating /home/san/obstacle_counter_ws/build/obstacle_counter/build/lib
creating /home/san/obstacle_counter_ws/build/obstacle_counter/build/lib/obstacle_counter
copying obstacle_counter/__init__.py -> /home/san/obstacle_counter_ws/build/obstacle_counter/build/lib/obstacle_counter
running install
running install_lib
creating /home/san/obstacle_counter_ws/install/obstacle_counter/lib/python3.8/site-packages/obstacle_counter
copying /home/san/obstacle_counter_ws/build/obstacle_counter/build/lib/obstacle_counter/__init__.py -> /home/san/obstacle_counter_ws/install/obstacle_counter/lib/python3.8/site-packages/obstacle_counter
byte-compiling /home/san/obstacle_counter_ws/install/obstacle_counter/lib/python3.8/site-packages/obstacle_counter/__init__.py to __init__.cpython-38.pyc
running install_data
creating /home/san/obstacle_counter_ws/install/obstacle_counter/share/ament_index
creating /home/san/obstacle_counter_ws/install/obstacle_counter/share/ament_index/resource_index
creating /home/san/obstacle_counter_ws/install/obstacle_counter/share/ament_index/resource_index/packages
copying resource/obstacle_counter -> /home/san/obstacle_counter_ws/install/obstacle_counter/share/ament_index/resource_index/packages
copying package.xml -> /home/san/obstacle_counter_ws/install/obstacle_counter/share/obstacle_counter
running install_egg_info
Copying ../../build/obstacle_counter/obstacle_counter.egg-info to /home/san/obstacle_counter_ws/install/obstacle_counter/lib/python3.8/site-packages/obstacle_counter-0.0.0-py3.8.egg-info
running install_scripts
Installing obstacle_counter script to /home/san/obstacle_counter_ws/install/obstacle_counter/lib/obstacle_counter
writing list of installed files to '/home/san/obstacle_counter_ws/build/obstacle_counter/install.log'
